<?xml version="1.0" encoding="UTF-8"?>
<Site BuildName="(empty)"
	BuildStamp="20250404-1714-Experimental"
	Name="(empty)"
	Generator="ctest-3.22.1"
	CompilerName=""
	CompilerVersion=""
	OSName="Linux"
	Hostname="martin-HP-ENVY-Laptop-14-eb0xxx"
	OSRelease="6.8.0-57-generic"
	OSVersion="#59~22.04.1-Ubuntu SMP PREEMPT_DYNAMIC Wed Mar 19 17:07:41 UTC 2"
	OSPlatform="x86_64"
	Is64Bits="1"
	VendorString="GenuineIntel"
	VendorID="Intel Corporation"
	FamilyID="6"
	ModelID="140"
	ProcessorCacheSize="12288"
	NumberOfLogicalCPU="8"
	NumberOfPhysicalCPU="4"
	TotalVirtualMemory="8191"
	TotalPhysicalMemory="15758"
	LogicalProcessorsPerPhysical="2"
	ProcessorClockFrequency="1500"
	>
	<Testing>
		<StartDateTime>Apr 04 19:14 CEST</StartDateTime>
		<StartTestTime>1743786874</StartTestTime>
		<TestList/>
		<EndDateTime>Apr 04 19:14 CEST</EndDateTime>
		<EndTestTime>1743786874</EndTestTime>
		<ElapsedMinutes>0</ElapsedMinutes>
	</Testing>
</Site>
