<?xml version="1.0" encoding="UTF-8"?>
<Site BuildName="(empty)"
	BuildStamp="20250505-1323-Experimental"
	Name="(empty)"
	Generator="ctest-3.22.1"
	CompilerName=""
	CompilerVersion=""
	OSName="Linux"
	Hostname="martin-HP-ENVY-Laptop-14-eb0xxx"
	OSRelease="6.8.0-58-generic"
	OSVersion="#60~22.04.1-Ubuntu SMP PREEMPT_DYNAMIC Fri Mar 28 16:09:21 UTC 2"
	OSPlatform="x86_64"
	Is64Bits="1"
	VendorString="GenuineIntel"
	VendorID="Intel Corporation"
	FamilyID="6"
	ModelID="140"
	ProcessorCacheSize="12288"
	NumberOfLogicalCPU="8"
	NumberOfPhysicalCPU="4"
	TotalVirtualMemory="8191"
	TotalPhysicalMemory="15744"
	LogicalProcessorsPerPhysical="2"
	ProcessorClockFrequency="1499.98"
	>
	<Testing>
		<StartDateTime>May 05 22:18 CEST</StartDateTime>
		<StartTestTime>1746476304</StartTestTime>
		<TestList/>
		<EndDateTime>May 05 22:18 CEST</EndDateTime>
		<EndTestTime>1746476304</EndTestTime>
		<ElapsedMinutes>0</ElapsedMinutes>
	</Testing>
</Site>
